# JRE version: OpenJDK Runtime Environment (11.0.15) (build 11.0.15+0-b2043.56-9505619)
# Java VM: OpenJDK 64-Bit Server VM (11.0.15+0-b2043.56-9505619, mixed mode, tiered, compressed oops, g1 gc, windows-amd64)
Heap:
 garbage-first heap   total 78848K, used 24067K [0x0000000080000000, 0x0000000100000000)
  region size 1024K, 8 young (8192K), 3 survivors (3072K)
 Metaspace       used 27357K, capacity 28022K, committed 28160K, reserved 1073152K
  class space    used 3538K, capacity 3793K, committed 3840K, reserved 1048576K
GC Heap History (14 events):
Event: 1.023 GC heap before
{Heap before GC invocations=0 (full 0):
 garbage-first heap   total 65536K, used 30720K [0x0000000080000000, 0x0000000100000000)
  region size 1024K, 24 young (24576K), 0 survivors (0K)
 Metaspace       used 10219K, capacity 10495K, committed 10624K, reserved 1058816K
  class space    used 1053K, capacity 1141K, committed 1152K, reserved 1048576K
}
Event: 1.030 GC heap after
{Heap after GC invocations=1 (full 0):
 garbage-first heap   total 65536K, used 9712K [0x0000000080000000, 0x0000000100000000)
  region size 1024K, 3 young (3072K), 3 survivors (3072K)
 Metaspace       used 10219K, capacity 10495K, committed 10624K, reserved 1058816K
  class space    used 1053K, capacity 1141K, committed 1152K, reserved 1048576K
}
Event: 1.404 GC heap before
{Heap before GC invocations=1 (full 0):
 garbage-first heap   total 65536K, used 34288K [0x0000000080000000, 0x0000000100000000)
  region size 1024K, 28 young (28672K), 3 survivors (3072K)
 Metaspace       used 11221K, capacity 11450K, committed 11520K, reserved 1058816K
  class space    used 1154K, capacity 1246K, committed 1280K, reserved 1048576K
}
Event: 1.409 GC heap after
{Heap after GC invocations=2 (full 0):
 garbage-first heap   total 65536K, used 11371K [0x0000000080000000, 0x0000000100000000)
  region size 1024K, 2 young (2048K), 2 survivors (2048K)
 Metaspace       used 11221K, capacity 11450K, committed 11520K, reserved 1058816K
  class space    used 1154K, capacity 1246K, committed 1280K, reserved 1048576K
}
Event: 2.193 GC heap before
{Heap before GC invocations=2 (full 0):
 garbage-first heap   total 65536K, used 36971K [0x0000000080000000, 0x0000000100000000)
  region size 1024K, 27 young (27648K), 2 survivors (2048K)
 Metaspace       used 14303K, capacity 14595K, committed 14848K, reserved 1062912K
  class space    used 1601K, capacity 1720K, committed 1792K, reserved 1048576K
}
Event: 2.200 GC heap after
{Heap after GC invocations=3 (full 0):
 garbage-first heap   total 65536K, used 16014K [0x0000000080000000, 0x0000000100000000)
  region size 1024K, 4 young (4096K), 4 survivors (4096K)
 Metaspace       used 14303K, capacity 14595K, committed 14848K, reserved 1062912K
  class space    used 1601K, capacity 1720K, committed 1792K, reserved 1048576K
}
Event: 3.617 GC heap before
{Heap before GC invocations=3 (full 0):
 garbage-first heap   total 65536K, used 40590K [0x0000000080000000, 0x0000000100000000)
  region size 1024K, 28 young (28672K), 4 survivors (4096K)
 Metaspace       used 19188K, capacity 19610K, committed 19840K, reserved 1067008K
  class space    used 2285K, capacity 2426K, committed 2432K, reserved 1048576K
}
Event: 3.622 GC heap after
{Heap after GC invocations=4 (full 0):
 garbage-first heap   total 65536K, used 17289K [0x0000000080000000, 0x0000000100000000)
  region size 1024K, 2 young (2048K), 2 survivors (2048K)
 Metaspace       used 19188K, capacity 19610K, committed 19840K, reserved 1067008K
  class space    used 2285K, capacity 2426K, committed 2432K, reserved 1048576K
}
Event: 3.855 GC heap before
{Heap before GC invocations=4 (full 0):
 garbage-first heap   total 65536K, used 32649K [0x0000000080000000, 0x0000000100000000)
  region size 1024K, 18 young (18432K), 2 survivors (2048K)
 Metaspace       used 20717K, capacity 21126K, committed 21248K, reserved 1067008K
  class space    used 2516K, capacity 2697K, committed 2816K, reserved 1048576K
}
Event: 3.862 GC heap after
{Heap after GC invocations=5 (full 0):
 garbage-first heap   total 65536K, used 17788K [0x0000000080000000, 0x0000000100000000)
  region size 1024K, 2 young (2048K), 2 survivors (2048K)
 Metaspace       used 20717K, capacity 21126K, committed 21248K, reserved 1067008K
  class space    used 2516K, capacity 2697K, committed 2816K, reserved 1048576K
}
Event: 4.229 GC heap before
{Heap before GC invocations=6 (full 0):
 garbage-first heap   total 65536K, used 42364K [0x0000000080000000, 0x0000000100000000)
  region size 1024K, 26 young (26624K), 2 survivors (2048K)
 Metaspace       used 23194K, capacity 23709K, committed 23936K, reserved 1071104K
  class space    used 2909K, capacity 3117K, committed 3200K, reserved 1048576K
}
Event: 4.234 GC heap after
{Heap after GC invocations=7 (full 0):
 garbage-first heap   total 78848K, used 18535K [0x0000000080000000, 0x0000000100000000)
  region size 1024K, 3 young (3072K), 3 survivors (3072K)
 Metaspace       used 23194K, capacity 23709K, committed 23936K, reserved 1071104K
  class space    used 2909K, capacity 3117K, committed 3200K, reserved 1048576K
}
Event: 4.699 GC heap before
{Heap before GC invocations=7 (full 0):
 garbage-first heap   total 78848K, used 48231K [0x0000000080000000, 0x0000000100000000)
  region size 1024K, 32 young (32768K), 3 survivors (3072K)
 Metaspace       used 26770K, capacity 27356K, committed 27520K, reserved 1073152K
  class space    used 3442K, capacity 3677K, committed 3712K, reserved 1048576K
}
Event: 4.705 GC heap after
{Heap after GC invocations=8 (full 0):
 garbage-first heap   total 78848K, used 19971K [0x0000000080000000, 0x0000000100000000)
  region size 1024K, 3 young (3072K), 3 survivors (3072K)
 Metaspace       used 26770K, capacity 27356K, committed 27520K, reserved 1073152K
  class space    used 3442K, capacity 3677K, committed 3712K, reserved 1048576K
}

