# JRE version: OpenJDK Runtime Environment (11.0.15) (build 11.0.15+0-b2043.56-9505619)
# Java VM: OpenJDK 64-Bit Server VM (11.0.15+0-b2043.56-9505619, mixed mode, tiered, compressed oops, g1 gc, windows-amd64)
Heap:
 garbage-first heap   total 361472K, used 275491K [0x0000000080000000, 0x0000000100000000)
  region size 1024K, 175 young (179200K), 11 survivors (11264K)
 Metaspace       used 50201K, capacity 51524K, committed 51632K, reserved 1093632K
  class space    used 6374K, capacity 6873K, committed 6912K, reserved 1048576K
GC Heap History (20 events):
Event: 80.566 GC heap before
{Heap before GC invocations=125 (full 0):
 garbage-first heap   total 208896K, used 163768K [0x0000000080000000, 0x0000000100000000)
  region size 1024K, 60 young (61440K), 6 survivors (6144K)
 Metaspace       used 50200K, capacity 51524K, committed 51632K, reserved 1093632K
  class space    used 6374K, capacity 6873K, committed 6912K, reserved 1048576K
}
Event: 80.574 GC heap after
{Heap after GC invocations=126 (full 0):
 garbage-first heap   total 250880K, used 104531K [0x0000000080000000, 0x0000000100000000)
  region size 1024K, 5 young (5120K), 5 survivors (5120K)
 Metaspace       used 50200K, capacity 51524K, committed 51632K, reserved 1093632K
  class space    used 6374K, capacity 6873K, committed 6912K, reserved 1048576K
}
Event: 80.869 GC heap before
{Heap before GC invocations=127 (full 0):
 garbage-first heap   total 250880K, used 205907K [0x0000000080000000, 0x0000000100000000)
  region size 1024K, 101 young (103424K), 5 survivors (5120K)
 Metaspace       used 50200K, capacity 51524K, committed 51632K, reserved 1093632K
  class space    used 6374K, capacity 6873K, committed 6912K, reserved 1048576K
}
Event: 80.873 GC heap after
{Heap after GC invocations=128 (full 0):
 garbage-first heap   total 250880K, used 100736K [0x0000000080000000, 0x0000000100000000)
  region size 1024K, 4 young (4096K), 4 survivors (4096K)
 Metaspace       used 50200K, capacity 51524K, committed 51632K, reserved 1093632K
  class space    used 6374K, capacity 6873K, committed 6912K, reserved 1048576K
}
Event: 80.891 GC heap before
{Heap before GC invocations=128 (full 0):
 garbage-first heap   total 250880K, used 108928K [0x0000000080000000, 0x0000000100000000)
  region size 1024K, 12 young (12288K), 4 survivors (4096K)
 Metaspace       used 50200K, capacity 51524K, committed 51632K, reserved 1093632K
  class space    used 6374K, capacity 6873K, committed 6912K, reserved 1048576K
}
Event: 80.894 GC heap after
{Heap after GC invocations=129 (full 0):
 garbage-first heap   total 250880K, used 97744K [0x0000000080000000, 0x0000000100000000)
  region size 1024K, 2 young (2048K), 2 survivors (2048K)
 Metaspace       used 50200K, capacity 51524K, committed 51632K, reserved 1093632K
  class space    used 6374K, capacity 6873K, committed 6912K, reserved 1048576K
}
Event: 81.181 GC heap before
{Heap before GC invocations=129 (full 0):
 garbage-first heap   total 250880K, used 203216K [0x0000000080000000, 0x0000000100000000)
  region size 1024K, 105 young (107520K), 2 survivors (2048K)
 Metaspace       used 50200K, capacity 51524K, committed 51632K, reserved 1093632K
  class space    used 6374K, capacity 6873K, committed 6912K, reserved 1048576K
}
Event: 81.184 GC heap after
{Heap after GC invocations=130 (full 0):
 garbage-first heap   total 250880K, used 98786K [0x0000000080000000, 0x0000000100000000)
  region size 1024K, 3 young (3072K), 3 survivors (3072K)
 Metaspace       used 50200K, capacity 51524K, committed 51632K, reserved 1093632K
  class space    used 6374K, capacity 6873K, committed 6912K, reserved 1048576K
}
Event: 81.401 GC heap before
{Heap before GC invocations=130 (full 0):
 garbage-first heap   total 250880K, used 206306K [0x0000000080000000, 0x0000000100000000)
  region size 1024K, 108 young (110592K), 3 survivors (3072K)
 Metaspace       used 50201K, capacity 51524K, committed 51632K, reserved 1093632K
  class space    used 6374K, capacity 6873K, committed 6912K, reserved 1048576K
}
Event: 81.409 GC heap after
{Heap after GC invocations=131 (full 0):
 garbage-first heap   total 301056K, used 100346K [0x0000000080000000, 0x0000000100000000)
  region size 1024K, 4 young (4096K), 4 survivors (4096K)
 Metaspace       used 50201K, capacity 51524K, committed 51632K, reserved 1093632K
  class space    used 6374K, capacity 6873K, committed 6912K, reserved 1048576K
}
Event: 82.088 GC heap before
{Heap before GC invocations=131 (full 0):
 garbage-first heap   total 301056K, used 241658K [0x0000000080000000, 0x0000000100000000)
  region size 1024K, 142 young (145408K), 4 survivors (4096K)
 Metaspace       used 50201K, capacity 51524K, committed 51632K, reserved 1093632K
  class space    used 6374K, capacity 6873K, committed 6912K, reserved 1048576K
}
Event: 82.093 GC heap after
{Heap after GC invocations=132 (full 0):
 garbage-first heap   total 301056K, used 101320K [0x0000000080000000, 0x0000000100000000)
  region size 1024K, 5 young (5120K), 5 survivors (5120K)
 Metaspace       used 50201K, capacity 51524K, committed 51632K, reserved 1093632K
  class space    used 6374K, capacity 6873K, committed 6912K, reserved 1048576K
}
Event: 82.707 GC heap before
{Heap before GC invocations=132 (full 0):
 garbage-first heap   total 301056K, used 250824K [0x0000000080000000, 0x0000000100000000)
  region size 1024K, 146 young (149504K), 5 survivors (5120K)
 Metaspace       used 50201K, capacity 51524K, committed 51632K, reserved 1093632K
  class space    used 6374K, capacity 6873K, committed 6912K, reserved 1048576K
}
Event: 82.715 GC heap after
{Heap after GC invocations=133 (full 0):
 garbage-first heap   total 301056K, used 103497K [0x0000000080000000, 0x0000000100000000)
  region size 1024K, 7 young (7168K), 7 survivors (7168K)
 Metaspace       used 50201K, capacity 51524K, committed 51632K, reserved 1093632K
  class space    used 6374K, capacity 6873K, committed 6912K, reserved 1048576K
}
Event: 83.156 GC heap before
{Heap before GC invocations=133 (full 0):
 garbage-first heap   total 301056K, used 259145K [0x0000000080000000, 0x0000000100000000)
  region size 1024K, 150 young (153600K), 7 survivors (7168K)
 Metaspace       used 50201K, capacity 51524K, committed 51632K, reserved 1093632K
  class space    used 6374K, capacity 6873K, committed 6912K, reserved 1048576K
}
Event: 83.163 GC heap after
{Heap after GC invocations=134 (full 0):
 garbage-first heap   total 301056K, used 104801K [0x0000000080000000, 0x0000000100000000)
  region size 1024K, 9 young (9216K), 9 survivors (9216K)
 Metaspace       used 50201K, capacity 51524K, committed 51632K, reserved 1093632K
  class space    used 6374K, capacity 6873K, committed 6912K, reserved 1048576K
}
Event: 83.510 GC heap before
{Heap before GC invocations=134 (full 0):
 garbage-first heap   total 301056K, used 252257K [0x0000000080000000, 0x0000000100000000)
  region size 1024K, 153 young (156672K), 9 survivors (9216K)
 Metaspace       used 50201K, capacity 51524K, committed 51632K, reserved 1093632K
  class space    used 6374K, capacity 6873K, committed 6912K, reserved 1048576K
}
Event: 83.524 GC heap after
{Heap after GC invocations=135 (full 0):
 garbage-first heap   total 301056K, used 106402K [0x0000000080000000, 0x0000000100000000)
  region size 1024K, 10 young (10240K), 10 survivors (10240K)
 Metaspace       used 50201K, capacity 51524K, committed 51632K, reserved 1093632K
  class space    used 6374K, capacity 6873K, committed 6912K, reserved 1048576K
}
Event: 84.003 GC heap before
{Heap before GC invocations=135 (full 0):
 garbage-first heap   total 301056K, used 258978K [0x0000000080000000, 0x0000000100000000)
  region size 1024K, 156 young (159744K), 10 survivors (10240K)
 Metaspace       used 50201K, capacity 51524K, committed 51632K, reserved 1093632K
  class space    used 6374K, capacity 6873K, committed 6912K, reserved 1048576K
}
Event: 84.015 GC heap after
{Heap after GC invocations=136 (full 0):
 garbage-first heap   total 361472K, used 108579K [0x0000000080000000, 0x0000000100000000)
  region size 1024K, 11 young (11264K), 11 survivors (11264K)
 Metaspace       used 50201K, capacity 51524K, committed 51632K, reserved 1093632K
  class space    used 6374K, capacity 6873K, committed 6912K, reserved 1048576K
}

